<?xml version="1.0" encoding="UTF-8"?>
<testng-results ignored="0" total="27" passed="27" failed="0" skipped="0">
  <reporter-output>
  </reporter-output>
  <suite started-at="2024-09-01T23:57:01 IST" name="Default suite" finished-at="2024-09-02T00:02:38 IST" duration-ms="336497">
    <groups>
      <group name="cucumber">
        <method signature="AbstractTestNGCucumberTests.runScenario(io.cucumber.testng.PickleWrapper,io.cucumber.testng.FeatureWrapper)[pri:0, instance:runner.apparelaccessoriesrunner@7eac9008]" name="runScenario" class="io.cucumber.testng.AbstractTestNGCucumberTests"/>
      </group> <!-- cucumber -->
    </groups>
    <test started-at="2024-09-01T23:57:01 IST" name="Default test" finished-at="2024-09-02T00:02:38 IST" duration-ms="336497">
      <class name="runner.apparelaccessoriesrunner">
        <test-method is-config="true" signature="setUpClass(org.testng.ITestContext)[pri:0, instance:runner.apparelaccessoriesrunner@7eac9008]" started-at="2024-09-01T23:57:02 IST" name="setUpClass" finished-at="2024-09-01T23:57:03 IST" duration-ms="1344" status="PASS">
          <params>
            <param index="0">
              <value>
                <![CDATA[org.testng.TestRunner@2913ca3e]]>
              </value>
            </param>
          </params>
          <reporter-output>
          </reporter-output>
        </test-method> <!-- setUpClass -->
        <test-method signature="runScenario(io.cucumber.testng.PickleWrapper,io.cucumber.testng.FeatureWrapper)[pri:0, instance:runner.apparelaccessoriesrunner@7eac9008]" started-at="2024-09-01T23:57:03 IST" name="runScenario" description="Runs Cucumber Scenarios" data-provider="scenarios" finished-at="2024-09-01T23:57:30 IST" duration-ms="26410" status="PASS">
          <params>
            <param index="0">
              <value>
                <![CDATA["To Validate the Add to Cart of eyewear functionality"]]>
              </value>
            </param>
            <param index="1">
              <value>
                <![CDATA["Apparel and Accessories Functionality"]]>
              </value>
            </param>
          </params>
          <reporter-output>
          </reporter-output>
        </test-method> <!-- runScenario -->
        <test-method signature="runScenario(io.cucumber.testng.PickleWrapper,io.cucumber.testng.FeatureWrapper)[pri:0, instance:runner.apparelaccessoriesrunner@7eac9008]" started-at="2024-09-01T23:57:30 IST" name="runScenario" description="Runs Cucumber Scenarios" data-provider="scenarios" finished-at="2024-09-01T23:57:51 IST" duration-ms="21467" status="PASS">
          <params>
            <param index="0">
              <value>
                <![CDATA["To Validate the ps search functionality"]]>
              </value>
            </param>
            <param index="1">
              <value>
                <![CDATA["Apparel and Accessories Functionality"]]>
              </value>
            </param>
          </params>
          <reporter-output>
          </reporter-output>
        </test-method> <!-- runScenario -->
        <test-method signature="runScenario(io.cucumber.testng.PickleWrapper,io.cucumber.testng.FeatureWrapper)[pri:0, instance:runner.apparelaccessoriesrunner@7eac9008]" started-at="2024-09-01T23:57:51 IST" name="runScenario" description="Runs Cucumber Scenarios" data-provider="scenarios" finished-at="2024-09-01T23:58:07 IST" duration-ms="15970" status="PASS">
          <params>
            <param index="0">
              <value>
                <![CDATA["To Validate the brands of eyewear functionality"]]>
              </value>
            </param>
            <param index="1">
              <value>
                <![CDATA["Apparel and Accessories Functionality"]]>
              </value>
            </param>
          </params>
          <reporter-output>
          </reporter-output>
        </test-method> <!-- runScenario -->
        <test-method signature="runScenario(io.cucumber.testng.PickleWrapper,io.cucumber.testng.FeatureWrapper)[pri:0, instance:runner.apparelaccessoriesrunner@7eac9008]" started-at="2024-09-01T23:58:07 IST" name="runScenario" description="Runs Cucumber Scenarios" data-provider="scenarios" finished-at="2024-09-01T23:58:13 IST" duration-ms="5792" status="PASS">
          <params>
            <param index="0">
              <value>
                <![CDATA["To Validate the price of eyewear functionality"]]>
              </value>
            </param>
            <param index="1">
              <value>
                <![CDATA["Apparel and Accessories Functionality"]]>
              </value>
            </param>
          </params>
          <reporter-output>
          </reporter-output>
        </test-method> <!-- runScenario -->
        <test-method signature="runScenario(io.cucumber.testng.PickleWrapper,io.cucumber.testng.FeatureWrapper)[pri:0, instance:runner.apparelaccessoriesrunner@7eac9008]" started-at="2024-09-01T23:58:13 IST" name="runScenario" description="Runs Cucumber Scenarios" data-provider="scenarios" finished-at="2024-09-01T23:58:22 IST" duration-ms="9038" status="PASS">
          <params>
            <param index="0">
              <value>
                <![CDATA["To Validate the discount"]]>
              </value>
            </param>
            <param index="1">
              <value>
                <![CDATA["Apparel and Accessories Functionality"]]>
              </value>
            </param>
          </params>
          <reporter-output>
          </reporter-output>
        </test-method> <!-- runScenario -->
        <test-method signature="runScenario(io.cucumber.testng.PickleWrapper,io.cucumber.testng.FeatureWrapper)[pri:0, instance:runner.apparelaccessoriesrunner@7eac9008]" started-at="2024-09-01T23:58:22 IST" name="runScenario" description="Runs Cucumber Scenarios" data-provider="scenarios" finished-at="2024-09-01T23:58:39 IST" duration-ms="16862" status="PASS">
          <params>
            <param index="0">
              <value>
                <![CDATA["To Validate the card slots of mens wallet functionality"]]>
              </value>
            </param>
            <param index="1">
              <value>
                <![CDATA["Apparel and Accessories Functionality"]]>
              </value>
            </param>
          </params>
          <reporter-output>
          </reporter-output>
        </test-method> <!-- runScenario -->
        <test-method signature="runScenario(io.cucumber.testng.PickleWrapper,io.cucumber.testng.FeatureWrapper)[pri:0, instance:runner.apparelaccessoriesrunner@7eac9008]" started-at="2024-09-01T23:58:39 IST" name="runScenario" description="Runs Cucumber Scenarios" data-provider="scenarios" finished-at="2024-09-01T23:59:05 IST" duration-ms="26578" status="PASS">
          <params>
            <param index="0">
              <value>
                <![CDATA["To Validate the Type of mens wallet"]]>
              </value>
            </param>
            <param index="1">
              <value>
                <![CDATA["Apparel and Accessories Functionality"]]>
              </value>
            </param>
          </params>
          <reporter-output>
          </reporter-output>
        </test-method> <!-- runScenario -->
        <test-method signature="runScenario(io.cucumber.testng.PickleWrapper,io.cucumber.testng.FeatureWrapper)[pri:0, instance:runner.apparelaccessoriesrunner@7eac9008]" started-at="2024-09-01T23:59:05 IST" name="runScenario" description="Runs Cucumber Scenarios" data-provider="scenarios" finished-at="2024-09-01T23:59:17 IST" duration-ms="11669" status="PASS">
          <params>
            <param index="0">
              <value>
                <![CDATA["To Validate the product type in sunglasses functionality"]]>
              </value>
            </param>
            <param index="1">
              <value>
                <![CDATA["Apparel and Accessories Functionality"]]>
              </value>
            </param>
          </params>
          <reporter-output>
          </reporter-output>
        </test-method> <!-- runScenario -->
        <test-method signature="runScenario(io.cucumber.testng.PickleWrapper,io.cucumber.testng.FeatureWrapper)[pri:0, instance:runner.apparelaccessoriesrunner@7eac9008]" started-at="2024-09-01T23:59:17 IST" name="runScenario" description="Runs Cucumber Scenarios" data-provider="scenarios" finished-at="2024-09-01T23:59:26 IST" duration-ms="9089" status="PASS">
          <params>
            <param index="0">
              <value>
                <![CDATA["To Validate the frame style of sunglasses"]]>
              </value>
            </param>
            <param index="1">
              <value>
                <![CDATA["Apparel and Accessories Functionality"]]>
              </value>
            </param>
          </params>
          <reporter-output>
          </reporter-output>
        </test-method> <!-- runScenario -->
        <test-method signature="runScenario(io.cucumber.testng.PickleWrapper,io.cucumber.testng.FeatureWrapper)[pri:0, instance:runner.apparelaccessoriesrunner@7eac9008]" started-at="2024-09-01T23:59:26 IST" name="runScenario" description="Runs Cucumber Scenarios" data-provider="scenarios" finished-at="2024-09-01T23:59:35 IST" duration-ms="8876" status="PASS">
          <params>
            <param index="0">
              <value>
                <![CDATA["To Validate the Gender"]]>
              </value>
            </param>
            <param index="1">
              <value>
                <![CDATA["Apparel and Accessories Functionality"]]>
              </value>
            </param>
          </params>
          <reporter-output>
          </reporter-output>
        </test-method> <!-- runScenario -->
        <test-method signature="runScenario(io.cucumber.testng.PickleWrapper,io.cucumber.testng.FeatureWrapper)[pri:0, instance:runner.apparelaccessoriesrunner@7eac9008]" started-at="2024-09-01T23:59:35 IST" name="runScenario" description="Runs Cucumber Scenarios" data-provider="scenarios" finished-at="2024-09-01T23:59:41 IST" duration-ms="5989" status="PASS">
          <params>
            <param index="0">
              <value>
                <![CDATA["To Validate the innerwear functionality"]]>
              </value>
            </param>
            <param index="1">
              <value>
                <![CDATA["Apparel and Accessories Functionality"]]>
              </value>
            </param>
          </params>
          <reporter-output>
          </reporter-output>
        </test-method> <!-- runScenario -->
        <test-method signature="runScenario(io.cucumber.testng.PickleWrapper,io.cucumber.testng.FeatureWrapper)[pri:0, instance:runner.apparelaccessoriesrunner@7eac9008]" started-at="2024-09-01T23:59:41 IST" name="runScenario" description="Runs Cucumber Scenarios" data-provider="scenarios" finished-at="2024-09-01T23:59:59 IST" duration-ms="18454" status="PASS">
          <params>
            <param index="0">
              <value>
                <![CDATA["To Validate the personalise search"]]>
              </value>
            </param>
            <param index="1">
              <value>
                <![CDATA["Apparel and Accessories Functionality"]]>
              </value>
            </param>
          </params>
          <reporter-output>
          </reporter-output>
        </test-method> <!-- runScenario -->
        <test-method signature="runScenario(io.cucumber.testng.PickleWrapper,io.cucumber.testng.FeatureWrapper)[pri:0, instance:runner.apparelaccessoriesrunner@7eac9008]" started-at="2024-09-01T23:59:59 IST" name="runScenario" description="Runs Cucumber Scenarios" data-provider="scenarios" finished-at="2024-09-02T00:00:09 IST" duration-ms="10162" status="PASS">
          <params>
            <param index="0">
              <value>
                <![CDATA["To Validate the Brands of mens feature"]]>
              </value>
            </param>
            <param index="1">
              <value>
                <![CDATA["Apparel and Accessories Functionality"]]>
              </value>
            </param>
          </params>
          <reporter-output>
          </reporter-output>
        </test-method> <!-- runScenario -->
        <test-method signature="runScenario(io.cucumber.testng.PickleWrapper,io.cucumber.testng.FeatureWrapper)[pri:0, instance:runner.apparelaccessoriesrunner@7eac9008]" started-at="2024-09-02T00:00:09 IST" name="runScenario" description="Runs Cucumber Scenarios" data-provider="scenarios" finished-at="2024-09-02T00:00:18 IST" duration-ms="8973" status="PASS">
          <params>
            <param index="0">
              <value>
                <![CDATA["To Validate the Price of mens feature"]]>
              </value>
            </param>
            <param index="1">
              <value>
                <![CDATA["Apparel and Accessories Functionality"]]>
              </value>
            </param>
          </params>
          <reporter-output>
          </reporter-output>
        </test-method> <!-- runScenario -->
        <test-method signature="runScenario(io.cucumber.testng.PickleWrapper,io.cucumber.testng.FeatureWrapper)[pri:0, instance:runner.apparelaccessoriesrunner@7eac9008]" started-at="2024-09-02T00:00:18 IST" name="runScenario" description="Runs Cucumber Scenarios" data-provider="scenarios" finished-at="2024-09-02T00:00:26 IST" duration-ms="7791" status="PASS">
          <params>
            <param index="0">
              <value>
                <![CDATA["To Validate the Discount of mens feature"]]>
              </value>
            </param>
            <param index="1">
              <value>
                <![CDATA["Apparel and Accessories Functionality"]]>
              </value>
            </param>
          </params>
          <reporter-output>
          </reporter-output>
        </test-method> <!-- runScenario -->
        <test-method signature="runScenario(io.cucumber.testng.PickleWrapper,io.cucumber.testng.FeatureWrapper)[pri:0, instance:runner.apparelaccessoriesrunner@7eac9008]" started-at="2024-09-02T00:00:26 IST" name="runScenario" description="Runs Cucumber Scenarios" data-provider="scenarios" finished-at="2024-09-02T00:00:34 IST" duration-ms="8106" status="PASS">
          <params>
            <param index="0">
              <value>
                <![CDATA["To Validate the color of mens feature"]]>
              </value>
            </param>
            <param index="1">
              <value>
                <![CDATA["Apparel and Accessories Functionality"]]>
              </value>
            </param>
          </params>
          <reporter-output>
          </reporter-output>
        </test-method> <!-- runScenario -->
        <test-method signature="runScenario(io.cucumber.testng.PickleWrapper,io.cucumber.testng.FeatureWrapper)[pri:0, instance:runner.apparelaccessoriesrunner@7eac9008]" started-at="2024-09-02T00:00:34 IST" name="runScenario" description="Runs Cucumber Scenarios" data-provider="scenarios" finished-at="2024-09-02T00:00:43 IST" duration-ms="8547" status="PASS">
          <params>
            <param index="0">
              <value>
                <![CDATA["To Validate the clearall of bottom wear functionality"]]>
              </value>
            </param>
            <param index="1">
              <value>
                <![CDATA["Apparel and Accessories Functionality"]]>
              </value>
            </param>
          </params>
          <reporter-output>
          </reporter-output>
        </test-method> <!-- runScenario -->
        <test-method signature="runScenario(io.cucumber.testng.PickleWrapper,io.cucumber.testng.FeatureWrapper)[pri:0, instance:runner.apparelaccessoriesrunner@7eac9008]" started-at="2024-09-02T00:00:43 IST" name="runScenario" description="Runs Cucumber Scenarios" data-provider="scenarios" finished-at="2024-09-02T00:01:02 IST" duration-ms="18621" status="PASS">
          <params>
            <param index="0">
              <value>
                <![CDATA["To Validate the personalise search of bottom wear functionality"]]>
              </value>
            </param>
            <param index="1">
              <value>
                <![CDATA["Apparel and Accessories Functionality"]]>
              </value>
            </param>
          </params>
          <reporter-output>
          </reporter-output>
        </test-method> <!-- runScenario -->
        <test-method signature="runScenario(io.cucumber.testng.PickleWrapper,io.cucumber.testng.FeatureWrapper)[pri:0, instance:runner.apparelaccessoriesrunner@7eac9008]" started-at="2024-09-02T00:01:02 IST" name="runScenario" description="Runs Cucumber Scenarios" data-provider="scenarios" finished-at="2024-09-02T00:01:18 IST" duration-ms="16914" status="PASS">
          <params>
            <param index="0">
              <value>
                <![CDATA["To Validate the Brands of bottom wear functionality"]]>
              </value>
            </param>
            <param index="1">
              <value>
                <![CDATA["Apparel and Accessories Functionality"]]>
              </value>
            </param>
          </params>
          <reporter-output>
          </reporter-output>
        </test-method> <!-- runScenario -->
        <test-method signature="runScenario(io.cucumber.testng.PickleWrapper,io.cucumber.testng.FeatureWrapper)[pri:0, instance:runner.apparelaccessoriesrunner@7eac9008]" started-at="2024-09-02T00:01:18 IST" name="runScenario" description="Runs Cucumber Scenarios" data-provider="scenarios" finished-at="2024-09-02T00:01:32 IST" duration-ms="13154" status="PASS">
          <params>
            <param index="0">
              <value>
                <![CDATA["To Validate the the Price of bottom wear functionality"]]>
              </value>
            </param>
            <param index="1">
              <value>
                <![CDATA["Apparel and Accessories Functionality"]]>
              </value>
            </param>
          </params>
          <reporter-output>
          </reporter-output>
        </test-method> <!-- runScenario -->
        <test-method signature="runScenario(io.cucumber.testng.PickleWrapper,io.cucumber.testng.FeatureWrapper)[pri:0, instance:runner.apparelaccessoriesrunner@7eac9008]" started-at="2024-09-02T00:01:32 IST" name="runScenario" description="Runs Cucumber Scenarios" data-provider="scenarios" finished-at="2024-09-02T00:01:43 IST" duration-ms="11305" status="PASS">
          <params>
            <param index="0">
              <value>
                <![CDATA["To Validate the Discount of bottom wear functionality"]]>
              </value>
            </param>
            <param index="1">
              <value>
                <![CDATA["Apparel and Accessories Functionality"]]>
              </value>
            </param>
          </params>
          <reporter-output>
          </reporter-output>
        </test-method> <!-- runScenario -->
        <test-method signature="runScenario(io.cucumber.testng.PickleWrapper,io.cucumber.testng.FeatureWrapper)[pri:0, instance:runner.apparelaccessoriesrunner@7eac9008]" started-at="2024-09-02T00:01:43 IST" name="runScenario" description="Runs Cucumber Scenarios" data-provider="scenarios" finished-at="2024-09-02T00:01:54 IST" duration-ms="10639" status="PASS">
          <params>
            <param index="0">
              <value>
                <![CDATA["To Validate the Type of bottom wear functionality"]]>
              </value>
            </param>
            <param index="1">
              <value>
                <![CDATA["Apparel and Accessories Functionality"]]>
              </value>
            </param>
          </params>
          <reporter-output>
          </reporter-output>
        </test-method> <!-- runScenario -->
        <test-method signature="runScenario(io.cucumber.testng.PickleWrapper,io.cucumber.testng.FeatureWrapper)[pri:0, instance:runner.apparelaccessoriesrunner@7eac9008]" started-at="2024-09-02T00:01:54 IST" name="runScenario" description="Runs Cucumber Scenarios" data-provider="scenarios" finished-at="2024-09-02T00:02:02 IST" duration-ms="8320" status="PASS">
          <params>
            <param index="0">
              <value>
                <![CDATA["To Validate the sortby of bottom wear functionality"]]>
              </value>
            </param>
            <param index="1">
              <value>
                <![CDATA["Apparel and Accessories Functionality"]]>
              </value>
            </param>
          </params>
          <reporter-output>
          </reporter-output>
        </test-method> <!-- runScenario -->
        <test-method signature="runScenario(io.cucumber.testng.PickleWrapper,io.cucumber.testng.FeatureWrapper)[pri:0, instance:runner.apparelaccessoriesrunner@7eac9008]" started-at="2024-09-02T00:02:02 IST" name="runScenario" description="Runs Cucumber Scenarios" data-provider="scenarios" finished-at="2024-09-02T00:02:07 IST" duration-ms="4918" status="PASS">
          <params>
            <param index="0">
              <value>
                <![CDATA["To Validate by navigating multiple feature of womens wear"]]>
              </value>
            </param>
            <param index="1">
              <value>
                <![CDATA["Apparel and Accessories Functionality"]]>
              </value>
            </param>
          </params>
          <reporter-output>
          </reporter-output>
        </test-method> <!-- runScenario -->
        <test-method signature="runScenario(io.cucumber.testng.PickleWrapper,io.cucumber.testng.FeatureWrapper)[pri:0, instance:runner.apparelaccessoriesrunner@7eac9008]" started-at="2024-09-02T00:02:07 IST" name="runScenario" description="Runs Cucumber Scenarios" data-provider="scenarios" finished-at="2024-09-02T00:02:15 IST" duration-ms="8428" status="PASS">
          <params>
            <param index="0">
              <value>
                <![CDATA["To Validate western wear by search functionality"]]>
              </value>
            </param>
            <param index="1">
              <value>
                <![CDATA["Apparel and Accessories Functionality"]]>
              </value>
            </param>
          </params>
          <reporter-output>
          </reporter-output>
        </test-method> <!-- runScenario -->
        <test-method signature="runScenario(io.cucumber.testng.PickleWrapper,io.cucumber.testng.FeatureWrapper)[pri:0, instance:runner.apparelaccessoriesrunner@7eac9008]" started-at="2024-09-02T00:02:15 IST" name="runScenario" description="Runs Cucumber Scenarios" data-provider="scenarios" finished-at="2024-09-02T00:02:32 IST" duration-ms="16435" status="PASS">
          <params>
            <param index="0">
              <value>
                <![CDATA["To Validate by comparing the products"]]>
              </value>
            </param>
            <param index="1">
              <value>
                <![CDATA["Apparel and Accessories Functionality"]]>
              </value>
            </param>
          </params>
          <reporter-output>
          </reporter-output>
        </test-method> <!-- runScenario -->
        <test-method signature="runScenario(io.cucumber.testng.PickleWrapper,io.cucumber.testng.FeatureWrapper)[pri:0, instance:runner.apparelaccessoriesrunner@7eac9008]" started-at="2024-09-02T00:02:32 IST" name="runScenario" description="Runs Cucumber Scenarios" data-provider="scenarios" finished-at="2024-09-02T00:02:38 IST" duration-ms="6093" status="PASS">
          <params>
            <param index="0">
              <value>
                <![CDATA["To Validate the aboutpage of women wear"]]>
              </value>
            </param>
            <param index="1">
              <value>
                <![CDATA["Apparel and Accessories Functionality"]]>
              </value>
            </param>
          </params>
          <reporter-output>
          </reporter-output>
        </test-method> <!-- runScenario -->
        <test-method is-config="true" signature="tearDownClass()[pri:0, instance:runner.apparelaccessoriesrunner@7eac9008]" started-at="2024-09-02T00:02:38 IST" name="tearDownClass" finished-at="2024-09-02T00:02:38 IST" duration-ms="0" status="PASS">
          <reporter-output>
          </reporter-output>
        </test-method> <!-- tearDownClass -->
      </class> <!-- runner.apparelaccessoriesrunner -->
    </test> <!-- Default test -->
  </suite> <!-- Default suite -->
</testng-results>
